<?xml version="1.0" encoding="UTF-8"?>
<!-- Generated by org.testng.reporters.JUnitXMLReporter -->
<testsuite ignored="0" hostname="DESKTOP-M8CFESV" failures="1" tests="3" name="Test3" time="20.337" errors="0" timestamp="2023-03-23T17:07:51 IST">
  <testcase classname="lambdatest.Assignment_1" name="Scenario_1" time="1.431"/>
  <testcase classname="lambdatest.Assignment_1" name="Scenario_2" time="3.251">
    <failure type="java.lang.AssertionError" message="Range Not showing currect value expected [95] but found [96]">
      <![CDATA[java.lang.AssertionError: Range Not showing currect value expected [95] but found [96]
at lambdatest.Assignment_1.Scenario_2(Assignment_1.java:69)
at java.base/java.util.ArrayList.forEach(ArrayList.java:1511)
at java.base/java.util.concurrent.FutureTask.run(FutureTask.java:264)
at java.base/java.util.concurrent.ThreadPoolExecutor.runWorker(ThreadPoolExecutor.java:1136)
at java.base/java.util.concurrent.ThreadPoolExecutor$Worker.run(ThreadPoolExecutor.java:635)
at java.base/java.lang.Thread.run(Thread.java:833)
... Removed 23 stack frames]]>
    </failure>
  </testcase> <!-- Scenario_2 -->
  <testcase classname="lambdatest.Assignment_1" name="Scenario_3" time="3.935"/>
</testsuite> <!-- Test3 -->
