<!DOCTYPE html PUBLIC "-//W3C//DTD XHTML 1.1//EN" "https://www.w3.org/TR/xhtml11/DTD/xhtml11.dtd">
<html xmlns="https://www.w3.org/1999/xhtml">
<head>
<meta http-equiv="content-type" content="text/html; charset=UTF-8"/>
<title>TestNG Report</title>
<style type="text/css">table {margin-bottom:10px;border-collapse:collapse;empty-cells:show}th,td {border:1px solid #009;padding:.25em .5em}th {vertical-align:bottom}td {vertical-align:top}table a {font-weight:bold}.stripe td {background-color: #E6EBF9}.num {text-align:right}.passedodd td {background-color: #3F3}.passedeven td {background-color: #0A0}.skippedodd td {background-color: #DDD}.skippedeven td {background-color: #CCC}.failedodd td,.attn {background-color: #F33}.failedeven td,.stripe .attn {background-color: #D00}.stacktrace {white-space:pre;font-family:monospace}.totop {font-size:85%;text-align:center;border-bottom:2px solid #000}.invisible {display:none}</style>
</head>
<body>
<table>
<tr><th>Test</th><th># Passed</th><th># Skipped</th><th># Retried</th><th># Failed</th><th>Time (ms)</th><th>Included Groups</th><th>Excluded Groups</th></tr>
<tr><th colspan="8">Suite</th></tr>
<tr><td><a href="#t0">Test1</a></td><td class="num">3</td><td class="num">0</td><td class="num">0</td><td class="num">0</td><td class="num">12,389</td><td></td><td></td></tr>
<tr class="stripe"><td><a href="#t1">Test3</a></td><td class="num">2</td><td class="num">0</td><td class="num">0</td><td class="num attn">1</td><td class="num">15,101</td><td></td><td></td></tr>
<tr><td><a href="#t2">Test2</a></td><td class="num">2</td><td class="num">0</td><td class="num">0</td><td class="num attn">1</td><td class="num">22,297</td><td></td><td></td></tr>
<tr><th>Total</th><th class="num">7</th><th class="num">0</th><th class="num">0</th><th class="num attn">2</th><th class="num">49,787</th><th colspan="2"></th></tr>
</table>
<table id='summary'><thead><tr><th>Class</th><th>Method</th><th>Start</th><th>Time (ms)</th></tr></thead><tbody><tr><th colspan="4">Suite</th></tr></tbody><tbody id="t0"><tr><th colspan="4">Test1 &#8212; passed</th></tr><tr class="passedeven"><td rowspan="3">lambdatest.Assignment_1</td><td><a href="#m0">Scenario_1</a></td><td rowspan="1">1679648685832</td><td rowspan="1">1032</td></tr><tr class="passedeven"><td><a href="#m1">Scenario_2</a></td><td rowspan="1">1679648686873</td><td rowspan="1">5195</td></tr><tr class="passedeven"><td><a href="#m2">Scenario_3</a></td><td rowspan="1">1679648692069</td><td rowspan="1">3053</td></tr></tbody>
<tbody id="t1"><tr><th colspan="4">Test3 &#8212; failed</th></tr><tr class="failedeven"><td rowspan="1">lambdatest.Assignment_1</td><td><a href="#m3">Scenario_2</a></td><td rowspan="1">1679648689156</td><td rowspan="1">5068</td></tr><tr><th colspan="4">Test3 &#8212; passed</th></tr><tr class="passedeven"><td rowspan="2">lambdatest.Assignment_1</td><td><a href="#m4">Scenario_1</a></td><td rowspan="1">1679648688066</td><td rowspan="1">1088</td></tr><tr class="passedeven"><td><a href="#m5">Scenario_3</a></td><td rowspan="1">1679648694225</td><td rowspan="1">2901</td></tr></tbody>
<tbody id="t2"><tr><th colspan="4">Test2 &#8212; failed</th></tr><tr class="failedeven"><td rowspan="1">lambdatest.Assignment_1</td><td><a href="#m6">Scenario_3</a></td><td rowspan="1">1679648695166</td><td rowspan="1">9866</td></tr><tr><th colspan="4">Test2 &#8212; passed</th></tr><tr class="passedeven"><td rowspan="2">lambdatest.Assignment_1</td><td><a href="#m7">Scenario_1</a></td><td rowspan="1">1679648687213</td><td rowspan="1">1107</td></tr><tr class="passedeven"><td><a href="#m8">Scenario_2</a></td><td rowspan="1">1679648688322</td><td rowspan="1">6843</td></tr></tbody>
</table>
<h2>Test1</h2><h3 id="m0">lambdatest.Assignment_1#Scenario_1</h3><table class="result"><tr><th>Messages</th></tr><tr><td><div class="messages">Url Contains = simple-form-demo<br/>TextBox Showing Currect text message = Welcome to LambdaTest</div></td></tr></table><p class="totop"><a href="#summary">back to summary</a></p>
<h3 id="m1">lambdatest.Assignment_1#Scenario_2</h3><table class="result"><tr><th>Messages</th></tr><tr><td><div class="messages">Slider possition set to = 95</div></td></tr></table><p class="totop"><a href="#summary">back to summary</a></p>
<h3 id="m2">lambdatest.Assignment_1#Scenario_3</h3><table class="result"><tr><th>Messages</th></tr><tr><td><div class="messages">Showing correct warning message = Please fill out this field.<br/>Showing correct success message = Thanks for contacting us, we will get back to you shortly.</div></td></tr></table><p class="totop"><a href="#summary">back to summary</a></p>
<h2>Test3</h2><h3 id="m3">lambdatest.Assignment_1#Scenario_2</h3><table class="result"><tr><th>Exception</th></tr><tr><td><div class="stacktrace">java.lang.AssertionError: Range Not showing currect value expected [95] but found [96]
	at lambdatest.Assignment_1.Scenario_2(Assignment_1.java:58)
	at java.base/java.util.ArrayList.forEach(ArrayList.java:1511)
	at java.base/java.util.concurrent.FutureTask.run(FutureTask.java:264)
	at java.base/java.util.concurrent.ThreadPoolExecutor.runWorker(ThreadPoolExecutor.java:1136)
	at java.base/java.util.concurrent.ThreadPoolExecutor$Worker.run(ThreadPoolExecutor.java:635)
	at java.base/java.lang.Thread.run(Thread.java:833)
... Removed 23 stack frames</div></td></tr></table><p class="totop"><a href="#summary">back to summary</a></p>
<h3 id="m4">lambdatest.Assignment_1#Scenario_1</h3><table class="result"><tr><th>Messages</th></tr><tr><td><div class="messages">Url Contains = simple-form-demo<br/>TextBox Showing Currect text message = Welcome to LambdaTest</div></td></tr></table><p class="totop"><a href="#summary">back to summary</a></p>
<h3 id="m5">lambdatest.Assignment_1#Scenario_3</h3><table class="result"><tr><th>Messages</th></tr><tr><td><div class="messages">Showing correct warning message = Please fill out this field.<br/>Showing correct success message = Thanks for contacting us, we will get back to you shortly.</div></td></tr></table><p class="totop"><a href="#summary">back to summary</a></p>
<h2>Test2</h2><h3 id="m6">lambdatest.Assignment_1#Scenario_3</h3><table class="result"><tr><th>Messages</th></tr><tr><td><div class="messages">Showing correct warning message = Please fill out this field.</div></td></tr><tr><th>Exception</th></tr><tr><td><div class="stacktrace">org.openqa.selenium.NoSuchElementException: no such element: Unable to locate element: {&quot;method&quot;:&quot;xpath&quot;,&quot;selector&quot;:&quot;//span[@id=&apos;exit_popup_close&apos;]&quot;}
  (Session info: MicrosoftEdge=111.0.1661.51)
For documentation on this error, please visit: https://selenium.dev/exceptions/#no_such_element
Build info: version: &apos;4.8.1&apos;, revision: &apos;8ebccac989&apos;
System info: os.name: &apos;Windows 11&apos;, os.arch: &apos;amd64&apos;, os.version: &apos;10.0&apos;, java.version: &apos;17.0.6&apos;
Driver info: org.openqa.selenium.edge.EdgeDriver
Command: [b1e603a601bc832258058a80322064a5, findElement {using=xpath, value=//span[@id=&apos;exit_popup_close&apos;]}]
Capabilities {acceptInsecureCerts: false, browserName: msedge, browserVersion: 111.0.1661.51, ms:edgeOptions: {debuggerAddress: localhost:59707}, msedge: {msedgedriverVersion: 111.0.1661.51 (5b30e0e79e57..., userDataDir: C:\Users\Admin\AppData\Loca...}, networkConnectionEnabled: false, pageLoadStrategy: normal, platformName: WINDOWS, proxy: Proxy(), se:cdp: ws://localhost:59707/devtoo..., se:cdpVersion: 111.0.1661.51, setWindowRect: true, strictFileInteractability: false, timeouts: {implicit: 0, pageLoad: 300000, script: 30000}, unhandledPromptBehavior: dismiss and notify, webauthn:extension:credBlob: true, webauthn:extension:largeBlob: true, webauthn:extension:minPinLength: true, webauthn:extension:prf: true, webauthn:virtualAuthenticators: true}
Session ID: b1e603a601bc832258058a80322064a5
	at org.openqa.selenium.remote.codec.w3c.W3CHttpResponseCodec.createException(W3CHttpResponseCodec.java:200)
	at org.openqa.selenium.remote.codec.w3c.W3CHttpResponseCodec.decode(W3CHttpResponseCodec.java:133)
	at org.openqa.selenium.remote.codec.w3c.W3CHttpResponseCodec.decode(W3CHttpResponseCodec.java:53)
	at org.openqa.selenium.remote.HttpCommandExecutor.execute(HttpCommandExecutor.java:184)
	at org.openqa.selenium.remote.service.DriverCommandExecutor.invokeExecute(DriverCommandExecutor.java:167)
	at org.openqa.selenium.remote.service.DriverCommandExecutor.execute(DriverCommandExecutor.java:142)
	at org.openqa.selenium.remote.RemoteWebDriver.execute(RemoteWebDriver.java:543)
	at org.openqa.selenium.remote.ElementLocation$ElementFinder$2.findElement(ElementLocation.java:162)
	at org.openqa.selenium.remote.ElementLocation.findElement(ElementLocation.java:60)
	at org.openqa.selenium.remote.RemoteWebDriver.findElement(RemoteWebDriver.java:352)
	at org.openqa.selenium.remote.RemoteWebDriver.findElement(RemoteWebDriver.java:344)
	at org.openqa.selenium.support.pagefactory.DefaultElementLocator.findElement(DefaultElementLocator.java:70)
	at org.openqa.selenium.support.pagefactory.internal.LocatingElementHandler.invoke(LocatingElementHandler.java:39)
	at jdk.proxy2/jdk.proxy2.$Proxy17.getWrappedElement(Unknown Source)
	at org.openqa.selenium.remote.internal.WebElementToJsonConverter.apply(WebElementToJsonConverter.java:51)
	at java.base/java.util.stream.ReferencePipeline$3$1.accept(ReferencePipeline.java:197)
	at java.base/java.util.Spliterators$ArraySpliterator.forEachRemaining(Spliterators.java:992)
	at java.base/java.util.stream.AbstractPipeline.copyInto(AbstractPipeline.java:509)
	at java.base/java.util.stream.AbstractPipeline.wrapAndCopyInto(AbstractPipeline.java:499)
	at java.base/java.util.stream.ReduceOps$ReduceOp.evaluateSequential(ReduceOps.java:921)
	at java.base/java.util.stream.AbstractPipeline.evaluate(AbstractPipeline.java:234)
	at java.base/java.util.stream.ReferencePipeline.collect(ReferencePipeline.java:682)
	at org.openqa.selenium.remote.RemoteWebDriver.executeScript(RemoteWebDriver.java:477)
	at pom.InputForm.FillForm(InputForm.java:61)
	at lambdatest.Assignment_1.Scenario_3(Assignment_1.java:74)
	at java.base/java.util.ArrayList.forEach(ArrayList.java:1511)
	at java.base/java.util.concurrent.FutureTask.run(FutureTask.java:264)
	at java.base/java.util.concurrent.ThreadPoolExecutor.runWorker(ThreadPoolExecutor.java:1136)
	at java.base/java.util.concurrent.ThreadPoolExecutor$Worker.run(ThreadPoolExecutor.java:635)
	at java.base/java.lang.Thread.run(Thread.java:833)
... Removed 23 stack frames</div></td></tr></table><p class="totop"><a href="#summary">back to summary</a></p>
<h3 id="m7">lambdatest.Assignment_1#Scenario_1</h3><table class="result"><tr><th>Messages</th></tr><tr><td><div class="messages">Url Contains = simple-form-demo<br/>TextBox Showing Currect text message = Welcome to LambdaTest</div></td></tr></table><p class="totop"><a href="#summary">back to summary</a></p>
<h3 id="m8">lambdatest.Assignment_1#Scenario_2</h3><table class="result"><tr><th>Messages</th></tr><tr><td><div class="messages">Slider possition set to = 95</div></td></tr></table><p class="totop"><a href="#summary">back to summary</a></p>
</body>
</html>
