<?xml version="1.0" encoding="UTF-8"?>
<testng-results ignored="0" total="9" passed="7" failed="2" skipped="0">
  <reporter-output>
    <line>
      <![CDATA[Url Contains = simple-form-demo]]>
    </line>
    <line>
      <![CDATA[TextBox Showing Currect text message = Welcome to LambdaTest]]>
    </line>
    <line>
      <![CDATA[Url Contains = simple-form-demo]]>
    </line>
    <line>
      <![CDATA[TextBox Showing Currect text message = Welcome to LambdaTest]]>
    </line>
    <line>
      <![CDATA[Url Contains = simple-form-demo]]>
    </line>
    <line>
      <![CDATA[TextBox Showing Currect text message = Welcome to LambdaTest]]>
    </line>
    <line>
      <![CDATA[Slider possition set to = 95]]>
    </line>
    <line>
      <![CDATA[Showing correct warning message = Please fill out this field.]]>
    </line>
    <line>
      <![CDATA[Showing correct success message = Thanks for contacting us, we will get back to you shortly.]]>
    </line>
    <line>
      <![CDATA[Slider possition set to = 95]]>
    </line>
    <line>
      <![CDATA[Showing correct warning message = Please fill out this field.]]>
    </line>
    <line>
      <![CDATA[Showing correct success message = Thanks for contacting us, we will get back to you shortly.]]>
    </line>
    <line>
      <![CDATA[Showing correct warning message = Please fill out this field.]]>
    </line>
  </reporter-output>
  <suite started-at="2023-03-24T14:34:42 IST" name="Suite" finished-at="2023-03-24T14:35:05 IST" duration-ms="22297">
    <groups>
    </groups>
    <test started-at="2023-03-24T14:34:42 IST" name="Test1" finished-at="2023-03-24T14:34:55 IST" duration-ms="12389">
      <class name="lambdatest.Assignment_1">
        <test-method is-config="true" signature="Openbrowser(java.lang.String)[pri:0, instance:lambdatest.Assignment_1@26e356f0]" started-at="2023-03-24T14:34:42 IST" name="Openbrowser" finished-at="2023-03-24T14:34:45 IST" duration-ms="2851" status="PASS">
          <params>
            <param index="0">
              <value>
                <![CDATA[chrome]]>
              </value>
            </param>
          </params>
          <reporter-output>
          </reporter-output>
        </test-method> <!-- Openbrowser -->
        <test-method signature="Scenario_1()[pri:1, instance:lambdatest.Assignment_1@26e356f0]" started-at="2023-03-24T14:34:45 IST" name="Scenario_1" finished-at="2023-03-24T14:34:46 IST" duration-ms="1032" status="PASS">
          <reporter-output>
            <line>
              <![CDATA[Url Contains = simple-form-demo]]>
            </line>
            <line>
              <![CDATA[TextBox Showing Currect text message = Welcome to LambdaTest]]>
            </line>
          </reporter-output>
        </test-method> <!-- Scenario_1 -->
        <test-method signature="Scenario_2()[pri:2, instance:lambdatest.Assignment_1@26e356f0]" started-at="2023-03-24T14:34:46 IST" name="Scenario_2" finished-at="2023-03-24T14:34:52 IST" duration-ms="5195" status="PASS">
          <reporter-output>
            <line>
              <![CDATA[Slider possition set to = 95]]>
            </line>
          </reporter-output>
        </test-method> <!-- Scenario_2 -->
        <test-method signature="Scenario_3()[pri:3, instance:lambdatest.Assignment_1@26e356f0]" started-at="2023-03-24T14:34:52 IST" name="Scenario_3" finished-at="2023-03-24T14:34:55 IST" duration-ms="3053" status="PASS">
          <reporter-output>
            <line>
              <![CDATA[Showing correct warning message = Please fill out this field.]]>
            </line>
            <line>
              <![CDATA[Showing correct success message = Thanks for contacting us, we will get back to you shortly.]]>
            </line>
          </reporter-output>
        </test-method> <!-- Scenario_3 -->
        <test-method is-config="true" signature="teardown()[pri:0, instance:lambdatest.Assignment_1@26e356f0]" started-at="2023-03-24T14:34:55 IST" name="teardown" finished-at="2023-03-24T14:34:55 IST" duration-ms="221" status="PASS">
          <reporter-output>
          </reporter-output>
        </test-method> <!-- teardown -->
      </class> <!-- lambdatest.Assignment_1 -->
    </test> <!-- Test1 -->
    <test started-at="2023-03-24T14:34:42 IST" name="Test3" finished-at="2023-03-24T14:34:58 IST" duration-ms="15101">
      <class name="lambdatest.Assignment_1">
        <test-method is-config="true" signature="Openbrowser(java.lang.String)[pri:0, instance:lambdatest.Assignment_1@60099951]" started-at="2023-03-24T14:34:42 IST" name="Openbrowser" finished-at="2023-03-24T14:34:48 IST" duration-ms="5089" status="PASS">
          <params>
            <param index="0">
              <value>
                <![CDATA[firefox]]>
              </value>
            </param>
          </params>
          <reporter-output>
          </reporter-output>
        </test-method> <!-- Openbrowser -->
        <test-method signature="Scenario_1()[pri:1, instance:lambdatest.Assignment_1@60099951]" started-at="2023-03-24T14:34:48 IST" name="Scenario_1" finished-at="2023-03-24T14:34:49 IST" duration-ms="1088" status="PASS">
          <reporter-output>
            <line>
              <![CDATA[Url Contains = simple-form-demo]]>
            </line>
            <line>
              <![CDATA[TextBox Showing Currect text message = Welcome to LambdaTest]]>
            </line>
          </reporter-output>
        </test-method> <!-- Scenario_1 -->
        <test-method signature="Scenario_2()[pri:2, instance:lambdatest.Assignment_1@60099951]" started-at="2023-03-24T14:34:49 IST" name="Scenario_2" finished-at="2023-03-24T14:34:54 IST" duration-ms="5068" status="FAIL">
          <exception class="java.lang.AssertionError">
            <message>
              <![CDATA[Range Not showing currect value expected [95] but found [96]]]>
            </message>
            <full-stacktrace>
              <![CDATA[java.lang.AssertionError: Range Not showing currect value expected [95] but found [96]
at org.testng.Assert.fail(Assert.java:99)
at org.testng.Assert.failNotEquals(Assert.java:1037)
at org.testng.Assert.assertEqualsImpl(Assert.java:140)
at org.testng.Assert.assertEquals(Assert.java:122)
at org.testng.Assert.assertEquals(Assert.java:629)
at lambdatest.Assignment_1.Scenario_2(Assignment_1.java:58)
at java.base/jdk.internal.reflect.NativeMethodAccessorImpl.invoke0(Native Method)
at java.base/jdk.internal.reflect.NativeMethodAccessorImpl.invoke(NativeMethodAccessorImpl.java:77)
at java.base/jdk.internal.reflect.DelegatingMethodAccessorImpl.invoke(DelegatingMethodAccessorImpl.java:43)
at java.base/java.lang.reflect.Method.invoke(Method.java:568)
at org.testng.internal.MethodInvocationHelper.invokeMethod(MethodInvocationHelper.java:133)
at org.testng.internal.TestInvoker.invokeMethod(TestInvoker.java:598)
at org.testng.internal.TestInvoker.invokeTestMethod(TestInvoker.java:173)
at org.testng.internal.MethodRunner.runInSequence(MethodRunner.java:46)
at org.testng.internal.TestInvoker$MethodInvocationAgent.invoke(TestInvoker.java:824)
at org.testng.internal.TestInvoker.invokeTestMethods(TestInvoker.java:146)
at org.testng.internal.TestMethodWorker.invokeTestMethods(TestMethodWorker.java:146)
at org.testng.internal.TestMethodWorker.run(TestMethodWorker.java:128)
at java.base/java.util.ArrayList.forEach(ArrayList.java:1511)
at org.testng.TestRunner.privateRun(TestRunner.java:794)
at org.testng.TestRunner.run(TestRunner.java:596)
at org.testng.SuiteRunner.runTest(SuiteRunner.java:377)
at org.testng.SuiteRunner.access$000(SuiteRunner.java:28)
at org.testng.SuiteRunner$SuiteWorker.run(SuiteRunner.java:418)
at org.testng.internal.thread.ThreadUtil.lambda$execute$0(ThreadUtil.java:64)
at java.base/java.util.concurrent.FutureTask.run(FutureTask.java:264)
at java.base/java.util.concurrent.ThreadPoolExecutor.runWorker(ThreadPoolExecutor.java:1136)
at java.base/java.util.concurrent.ThreadPoolExecutor$Worker.run(ThreadPoolExecutor.java:635)
at java.base/java.lang.Thread.run(Thread.java:833)
]]>
            </full-stacktrace>
          </exception> <!-- java.lang.AssertionError -->
          <reporter-output>
          </reporter-output>
        </test-method> <!-- Scenario_2 -->
        <test-method signature="Scenario_3()[pri:3, instance:lambdatest.Assignment_1@60099951]" started-at="2023-03-24T14:34:54 IST" name="Scenario_3" finished-at="2023-03-24T14:34:57 IST" duration-ms="2901" status="PASS">
          <reporter-output>
            <line>
              <![CDATA[Showing correct warning message = Please fill out this field.]]>
            </line>
            <line>
              <![CDATA[Showing correct success message = Thanks for contacting us, we will get back to you shortly.]]>
            </line>
          </reporter-output>
        </test-method> <!-- Scenario_3 -->
        <test-method is-config="true" signature="teardown()[pri:0, instance:lambdatest.Assignment_1@60099951]" started-at="2023-03-24T14:34:57 IST" name="teardown" finished-at="2023-03-24T14:34:58 IST" duration-ms="929" status="PASS">
          <reporter-output>
          </reporter-output>
        </test-method> <!-- teardown -->
      </class> <!-- lambdatest.Assignment_1 -->
    </test> <!-- Test3 -->
    <test started-at="2023-03-24T14:34:42 IST" name="Test2" finished-at="2023-03-24T14:35:05 IST" duration-ms="22297">
      <class name="lambdatest.Assignment_1">
        <test-method is-config="true" signature="Openbrowser(java.lang.String)[pri:0, instance:lambdatest.Assignment_1@6340e5f0]" started-at="2023-03-24T14:34:42 IST" name="Openbrowser" finished-at="2023-03-24T14:34:47 IST" duration-ms="4237" status="PASS">
          <params>
            <param index="0">
              <value>
                <![CDATA[edge]]>
              </value>
            </param>
          </params>
          <reporter-output>
          </reporter-output>
        </test-method> <!-- Openbrowser -->
        <test-method signature="Scenario_1()[pri:1, instance:lambdatest.Assignment_1@6340e5f0]" started-at="2023-03-24T14:34:47 IST" name="Scenario_1" finished-at="2023-03-24T14:34:48 IST" duration-ms="1107" status="PASS">
          <reporter-output>
            <line>
              <![CDATA[Url Contains = simple-form-demo]]>
            </line>
            <line>
              <![CDATA[TextBox Showing Currect text message = Welcome to LambdaTest]]>
            </line>
          </reporter-output>
        </test-method> <!-- Scenario_1 -->
        <test-method signature="Scenario_2()[pri:2, instance:lambdatest.Assignment_1@6340e5f0]" started-at="2023-03-24T14:34:48 IST" name="Scenario_2" finished-at="2023-03-24T14:34:55 IST" duration-ms="6843" status="PASS">
          <reporter-output>
            <line>
              <![CDATA[Slider possition set to = 95]]>
            </line>
          </reporter-output>
        </test-method> <!-- Scenario_2 -->
        <test-method signature="Scenario_3()[pri:3, instance:lambdatest.Assignment_1@6340e5f0]" started-at="2023-03-24T14:34:55 IST" name="Scenario_3" finished-at="2023-03-24T14:35:05 IST" duration-ms="9866" status="FAIL">
          <exception class="org.openqa.selenium.NoSuchElementException">
            <message>
              <![CDATA[no such element: Unable to locate element: {"method":"xpath","selector":"//span[@id='exit_popup_close']"}
  (Session info: MicrosoftEdge=111.0.1661.51)
For documentation on this error, please visit: https://selenium.dev/exceptions/#no_such_element
Build info: version: '4.8.1', revision: '8ebccac989'
System info: os.name: 'Windows 11', os.arch: 'amd64', os.version: '10.0', java.version: '17.0.6'
Driver info: org.openqa.selenium.edge.EdgeDriver
Command: [b1e603a601bc832258058a80322064a5, findElement {using=xpath, value=//span[@id='exit_popup_close']}]
Capabilities {acceptInsecureCerts: false, browserName: msedge, browserVersion: 111.0.1661.51, ms:edgeOptions: {debuggerAddress: localhost:59707}, msedge: {msedgedriverVersion: 111.0.1661.51 (5b30e0e79e57..., userDataDir: C:\Users\Admin\AppData\Loca...}, networkConnectionEnabled: false, pageLoadStrategy: normal, platformName: WINDOWS, proxy: Proxy(), se:cdp: ws://localhost:59707/devtoo..., se:cdpVersion: 111.0.1661.51, setWindowRect: true, strictFileInteractability: false, timeouts: {implicit: 0, pageLoad: 300000, script: 30000}, unhandledPromptBehavior: dismiss and notify, webauthn:extension:credBlob: true, webauthn:extension:largeBlob: true, webauthn:extension:minPinLength: true, webauthn:extension:prf: true, webauthn:virtualAuthenticators: true}
Session ID: b1e603a601bc832258058a80322064a5]]>
            </message>
            <full-stacktrace>
              <![CDATA[org.openqa.selenium.NoSuchElementException: no such element: Unable to locate element: {"method":"xpath","selector":"//span[@id='exit_popup_close']"}
  (Session info: MicrosoftEdge=111.0.1661.51)
For documentation on this error, please visit: https://selenium.dev/exceptions/#no_such_element
Build info: version: '4.8.1', revision: '8ebccac989'
System info: os.name: 'Windows 11', os.arch: 'amd64', os.version: '10.0', java.version: '17.0.6'
Driver info: org.openqa.selenium.edge.EdgeDriver
Command: [b1e603a601bc832258058a80322064a5, findElement {using=xpath, value=//span[@id='exit_popup_close']}]
Capabilities {acceptInsecureCerts: false, browserName: msedge, browserVersion: 111.0.1661.51, ms:edgeOptions: {debuggerAddress: localhost:59707}, msedge: {msedgedriverVersion: 111.0.1661.51 (5b30e0e79e57..., userDataDir: C:\Users\Admin\AppData\Loca...}, networkConnectionEnabled: false, pageLoadStrategy: normal, platformName: WINDOWS, proxy: Proxy(), se:cdp: ws://localhost:59707/devtoo..., se:cdpVersion: 111.0.1661.51, setWindowRect: true, strictFileInteractability: false, timeouts: {implicit: 0, pageLoad: 300000, script: 30000}, unhandledPromptBehavior: dismiss and notify, webauthn:extension:credBlob: true, webauthn:extension:largeBlob: true, webauthn:extension:minPinLength: true, webauthn:extension:prf: true, webauthn:virtualAuthenticators: true}
Session ID: b1e603a601bc832258058a80322064a5
at java.base/jdk.internal.reflect.NativeConstructorAccessorImpl.newInstance0(Native Method)
at java.base/jdk.internal.reflect.NativeConstructorAccessorImpl.newInstance(NativeConstructorAccessorImpl.java:77)
at java.base/jdk.internal.reflect.DelegatingConstructorAccessorImpl.newInstance(DelegatingConstructorAccessorImpl.java:45)
at java.base/java.lang.reflect.Constructor.newInstanceWithCaller(Constructor.java:499)
at java.base/java.lang.reflect.Constructor.newInstance(Constructor.java:480)
at org.openqa.selenium.remote.codec.w3c.W3CHttpResponseCodec.createException(W3CHttpResponseCodec.java:200)
at org.openqa.selenium.remote.codec.w3c.W3CHttpResponseCodec.decode(W3CHttpResponseCodec.java:133)
at org.openqa.selenium.remote.codec.w3c.W3CHttpResponseCodec.decode(W3CHttpResponseCodec.java:53)
at org.openqa.selenium.remote.HttpCommandExecutor.execute(HttpCommandExecutor.java:184)
at org.openqa.selenium.remote.service.DriverCommandExecutor.invokeExecute(DriverCommandExecutor.java:167)
at org.openqa.selenium.remote.service.DriverCommandExecutor.execute(DriverCommandExecutor.java:142)
at org.openqa.selenium.remote.RemoteWebDriver.execute(RemoteWebDriver.java:543)
at org.openqa.selenium.remote.ElementLocation$ElementFinder$2.findElement(ElementLocation.java:162)
at org.openqa.selenium.remote.ElementLocation.findElement(ElementLocation.java:60)
at org.openqa.selenium.remote.RemoteWebDriver.findElement(RemoteWebDriver.java:352)
at org.openqa.selenium.remote.RemoteWebDriver.findElement(RemoteWebDriver.java:344)
at org.openqa.selenium.support.pagefactory.DefaultElementLocator.findElement(DefaultElementLocator.java:70)
at org.openqa.selenium.support.pagefactory.internal.LocatingElementHandler.invoke(LocatingElementHandler.java:39)
at jdk.proxy2/jdk.proxy2.$Proxy17.getWrappedElement(Unknown Source)
at org.openqa.selenium.remote.internal.WebElementToJsonConverter.apply(WebElementToJsonConverter.java:51)
at java.base/java.util.stream.ReferencePipeline$3$1.accept(ReferencePipeline.java:197)
at java.base/java.util.Spliterators$ArraySpliterator.forEachRemaining(Spliterators.java:992)
at java.base/java.util.stream.AbstractPipeline.copyInto(AbstractPipeline.java:509)
at java.base/java.util.stream.AbstractPipeline.wrapAndCopyInto(AbstractPipeline.java:499)
at java.base/java.util.stream.ReduceOps$ReduceOp.evaluateSequential(ReduceOps.java:921)
at java.base/java.util.stream.AbstractPipeline.evaluate(AbstractPipeline.java:234)
at java.base/java.util.stream.ReferencePipeline.collect(ReferencePipeline.java:682)
at org.openqa.selenium.remote.RemoteWebDriver.executeScript(RemoteWebDriver.java:477)
at pom.InputForm.FillForm(InputForm.java:61)
at lambdatest.Assignment_1.Scenario_3(Assignment_1.java:74)
at java.base/jdk.internal.reflect.NativeMethodAccessorImpl.invoke0(Native Method)
at java.base/jdk.internal.reflect.NativeMethodAccessorImpl.invoke(NativeMethodAccessorImpl.java:77)
at java.base/jdk.internal.reflect.DelegatingMethodAccessorImpl.invoke(DelegatingMethodAccessorImpl.java:43)
at java.base/java.lang.reflect.Method.invoke(Method.java:568)
at org.testng.internal.MethodInvocationHelper.invokeMethod(MethodInvocationHelper.java:133)
at org.testng.internal.TestInvoker.invokeMethod(TestInvoker.java:598)
at org.testng.internal.TestInvoker.invokeTestMethod(TestInvoker.java:173)
at org.testng.internal.MethodRunner.runInSequence(MethodRunner.java:46)
at org.testng.internal.TestInvoker$MethodInvocationAgent.invoke(TestInvoker.java:824)
at org.testng.internal.TestInvoker.invokeTestMethods(TestInvoker.java:146)
at org.testng.internal.TestMethodWorker.invokeTestMethods(TestMethodWorker.java:146)
at org.testng.internal.TestMethodWorker.run(TestMethodWorker.java:128)
at java.base/java.util.ArrayList.forEach(ArrayList.java:1511)
at org.testng.TestRunner.privateRun(TestRunner.java:794)
at org.testng.TestRunner.run(TestRunner.java:596)
at org.testng.SuiteRunner.runTest(SuiteRunner.java:377)
at org.testng.SuiteRunner.access$000(SuiteRunner.java:28)
at org.testng.SuiteRunner$SuiteWorker.run(SuiteRunner.java:418)
at org.testng.internal.thread.ThreadUtil.lambda$execute$0(ThreadUtil.java:64)
at java.base/java.util.concurrent.FutureTask.run(FutureTask.java:264)
at java.base/java.util.concurrent.ThreadPoolExecutor.runWorker(ThreadPoolExecutor.java:1136)
at java.base/java.util.concurrent.ThreadPoolExecutor$Worker.run(ThreadPoolExecutor.java:635)
at java.base/java.lang.Thread.run(Thread.java:833)
]]>
            </full-stacktrace>
          </exception> <!-- org.openqa.selenium.NoSuchElementException -->
          <reporter-output>
            <line>
              <![CDATA[Showing correct warning message = Please fill out this field.]]>
            </line>
          </reporter-output>
        </test-method> <!-- Scenario_3 -->
        <test-method is-config="true" signature="teardown()[pri:0, instance:lambdatest.Assignment_1@6340e5f0]" started-at="2023-03-24T14:35:05 IST" name="teardown" finished-at="2023-03-24T14:35:05 IST" duration-ms="220" status="PASS">
          <reporter-output>
          </reporter-output>
        </test-method> <!-- teardown -->
      </class> <!-- lambdatest.Assignment_1 -->
    </test> <!-- Test2 -->
  </suite> <!-- Suite -->
</testng-results>
